<?xml version="1.0" encoding="UTF-8"?>
<testng-results ignored="0" total="2" passed="2" failed="0" skipped="0">
  <reporter-output>
  </reporter-output>
  <suite started-at="2023-03-16T15:10:37 IST" name="Suite" finished-at="2023-03-16T15:11:18 IST" duration-ms="40618">
    <groups>
    </groups>
    <test started-at="2023-03-16T15:10:37 IST" name="Test" finished-at="2023-03-16T15:11:18 IST" duration-ms="40618">
      <class name="com.gms.testcases.CustRegTest">
        <test-method signature="custRegTest(java.util.Hashtable)[pri:0, instance:com.gms.testcases.CustRegTest@5f14a673]" started-at="2023-03-16T15:11:03 IST" name="custRegTest" data-provider="dp" finished-at="2023-03-16T15:11:18 IST" duration-ms="14878" status="PASS">
          <params>
            <param index="0">
              <value>
                <![CDATA[{vehCat=SUV, vehNo=ap22aa2252, kmDriven=123465, technician=Rahul, engineNo=, emailId=venkata.ysqa@gmail.com, supervisor=, custName=Venkat, vehName=Aud, mfgYear=, doreg=, custSource=, mobNum=8919344944, nbrPlateColor=White, runMode=Y, chasisNo=, custAddr=Hyderabad}]]>
              </value>
            </param>
          </params>
          <reporter-output>
          </reporter-output>
        </test-method> <!-- custRegTest -->
      </class> <!-- com.gms.testcases.CustRegTest -->
      <class name="com.gms.testcases.LoginTest">
        <test-method signature="loginTest(java.util.Hashtable)[pri:0, instance:com.gms.testcases.LoginTest@3028e50e]" started-at="2023-03-16T15:10:37 IST" name="loginTest" data-provider="dp" finished-at="2023-03-16T15:11:03 IST" duration-ms="25376" status="PASS">
          <params>
            <param index="0">
              <value>
                <![CDATA[{password=7410qa, runmode=Y, username=ramp}]]>
              </value>
            </param>
          </params>
          <reporter-output>
          </reporter-output>
        </test-method> <!-- loginTest -->
      </class> <!-- com.gms.testcases.LoginTest -->
    </test> <!-- Test -->
  </suite> <!-- Suite -->
</testng-results>
